[2019-12-23T23:48:46.887] [DEBUG] cheese - login => username:zs,password:123456
[2019-12-23T23:48:46.888] [DEBUG] cheese - zs
[2019-12-23T23:48:46.897] [DEBUG] cheese - null
[2019-12-23T23:48:46.897] [DEBUG] cheese - null
[2019-12-23T23:49:31.684] [DEBUG] cheese - login => username:admin,password:123456
[2019-12-23T23:49:31.684] [DEBUG] cheese - admin
[2019-12-23T23:49:31.689] [DEBUG] cheese - null
[2019-12-23T23:49:31.689] [DEBUG] cheese - null
[2019-12-24T08:09:04.247] [DEBUG] cheese - login => username:admin,password:123456
[2019-12-24T08:09:04.249] [DEBUG] cheese - admin
[2019-12-24T08:09:04.268] [DEBUG] cheese - null
[2019-12-24T08:09:04.269] [DEBUG] cheese - null
[2019-12-24T21:19:19.451] [DEBUG] cheese - login => username:admin,password:123456
[2019-12-24T21:19:19.453] [DEBUG] cheese - admin
[2019-12-24T21:19:19.487] [DEBUG] cheese - null
[2019-12-24T21:19:19.488] [DEBUG] cheese - null
[2019-12-25T00:44:04.789] [DEBUG] cheese - login => username:admin,password:123456789
[2019-12-25T00:44:04.789] [DEBUG] cheese - admin
[2019-12-25T00:44:04.795] [DEBUG] cheese - null
[2019-12-25T00:44:04.796] [DEBUG] cheese - null
[2019-12-25T00:44:23.829] [DEBUG] cheese - login => username:admin,password:123456789
[2019-12-25T00:44:23.829] [DEBUG] cheese - admin
[2019-12-25T00:44:23.832] [DEBUG] cheese - null
[2019-12-25T00:44:23.832] [DEBUG] cheese - null
[2019-12-25T00:45:00.554] [DEBUG] cheese - login => username:admin,password:123456789
[2019-12-25T00:45:00.554] [DEBUG] cheese - admin
[2019-12-25T00:45:00.556] [DEBUG] cheese - null
[2019-12-25T00:45:00.556] [DEBUG] cheese - null
[2019-12-25T00:45:22.661] [DEBUG] cheese - login => username:admin,password:123456789
[2019-12-25T00:45:22.661] [DEBUG] cheese - admin
[2019-12-25T00:45:22.664] [DEBUG] cheese - null
[2019-12-25T00:45:22.664] [DEBUG] cheese - null
[2019-12-25T00:47:24.781] [DEBUG] cheese - login => username:admin,password:123456789
[2019-12-25T00:47:24.781] [DEBUG] cheese - admin
[2019-12-25T00:47:24.784] [DEBUG] cheese - null
[2019-12-25T00:47:24.784] [DEBUG] cheese - null
[2019-12-25T00:47:26.118] [DEBUG] cheese - login => username:admin,password:123456789
[2019-12-25T00:47:26.118] [DEBUG] cheese - admin
[2019-12-25T00:47:26.121] [DEBUG] cheese - null
[2019-12-25T00:47:26.121] [DEBUG] cheese - null
[2019-12-25T00:47:31.869] [DEBUG] cheese - login => username:admin,password:123456
[2019-12-25T00:47:31.869] [DEBUG] cheese - admin
[2019-12-25T00:47:31.871] [DEBUG] cheese - null
[2019-12-25T00:47:31.871] [DEBUG] cheese - null
[2019-12-25T00:47:51.250] [DEBUG] cheese - login => username:admin,password:123456789
[2019-12-25T00:47:51.250] [DEBUG] cheese - admin
[2019-12-25T00:47:51.255] [DEBUG] cheese - null
[2019-12-25T00:47:51.255] [DEBUG] cheese - null
[2019-12-25T00:47:56.958] [DEBUG] cheese - login => username:admin,password:123456
[2019-12-25T00:47:56.958] [DEBUG] cheese - admin
[2019-12-25T00:47:56.961] [DEBUG] cheese - null
[2019-12-25T00:47:56.961] [DEBUG] cheese - null
[2019-12-25T00:49:00.541] [DEBUG] cheese - login => username:admin,password:123456789
[2019-12-25T00:49:00.541] [DEBUG] cheese - admin
[2019-12-25T00:49:00.544] [DEBUG] cheese - null
[2019-12-25T00:49:00.544] [DEBUG] cheese - null
[2019-12-25T22:37:33.798] [DEBUG] cheese - login => username:admin,password:123456789
[2019-12-25T22:37:33.799] [DEBUG] cheese - admin
[2019-12-25T22:37:33.811] [DEBUG] cheese - null
[2019-12-25T22:37:33.812] [DEBUG] cheese - null
[2019-12-25T22:42:38.854] [DEBUG] cheese - login => username:admin,password:123456789
[2019-12-25T22:42:38.854] [DEBUG] cheese - admin
[2019-12-25T22:42:38.859] [DEBUG] cheese - null
[2019-12-25T22:42:38.859] [DEBUG] cheese - null
[2019-12-25T22:42:48.959] [DEBUG] cheese - login => username:admin,password:123456
[2019-12-25T22:42:48.959] [DEBUG] cheese - admin
[2019-12-25T22:42:48.961] [DEBUG] cheese - null
[2019-12-25T22:42:48.961] [DEBUG] cheese - null
[2019-12-25T22:42:50.451] [DEBUG] cheese - login => username:admin,password:123456
[2019-12-25T22:42:50.451] [DEBUG] cheese - admin
[2019-12-25T22:42:50.453] [DEBUG] cheese - null
[2019-12-25T22:42:50.454] [DEBUG] cheese - null
[2019-12-25T22:51:13.922] [DEBUG] cheese - login => username:admin,password:123456
[2019-12-25T22:51:13.922] [DEBUG] cheese - admin
[2019-12-25T22:51:13.925] [DEBUG] cheese - null
[2019-12-25T22:51:13.925] [DEBUG] cheese - null
[2019-12-25T22:51:15.468] [DEBUG] cheese - login => username:admin,password:123456
[2019-12-25T22:51:15.468] [DEBUG] cheese - admin
[2019-12-25T22:51:15.472] [DEBUG] cheese - null
[2019-12-25T22:51:15.472] [DEBUG] cheese - null
[2019-12-25T22:56:44.038] [DEBUG] cheese - login => username:admin,password:123456
[2019-12-25T22:56:44.038] [DEBUG] cheese - admin
[2019-12-25T22:56:44.041] [DEBUG] cheese - null
[2019-12-25T22:56:44.041] [DEBUG] cheese - null
[2019-12-25T22:56:47.973] [DEBUG] cheese - login => username:admin,password:123456123
[2019-12-25T22:56:47.973] [DEBUG] cheese - admin
[2019-12-25T22:56:47.975] [DEBUG] cheese - null
[2019-12-25T22:56:47.975] [DEBUG] cheese - null
[2019-12-25T22:56:51.518] [DEBUG] cheese - login => username:admin,password:123456123
[2019-12-25T22:56:51.518] [DEBUG] cheese - admin
[2019-12-25T22:56:51.521] [DEBUG] cheese - null
[2019-12-25T22:56:51.521] [DEBUG] cheese - null
[2019-12-25T22:56:53.927] [DEBUG] cheese - login => username:admin,password:123456
[2019-12-25T22:56:53.927] [DEBUG] cheese - admin
[2019-12-25T22:56:53.931] [DEBUG] cheese - null
[2019-12-25T22:56:53.931] [DEBUG] cheese - null
[2019-12-25T23:05:19.613] [DEBUG] cheese - login => username:admin,password:123456
[2019-12-25T23:05:19.614] [DEBUG] cheese - admin
[2019-12-25T23:05:19.616] [DEBUG] cheese - null
[2019-12-25T23:05:19.616] [DEBUG] cheese - null
[2019-12-25T23:05:38.712] [DEBUG] cheese - login => username:admin,password:123456
[2019-12-25T23:05:38.712] [DEBUG] cheese - admin
[2019-12-25T23:05:38.714] [DEBUG] cheese - null
[2019-12-25T23:05:38.715] [DEBUG] cheese - null
[2019-12-25T23:05:54.846] [DEBUG] cheese - login => username:admin,password:123456
[2019-12-25T23:05:54.846] [DEBUG] cheese - admin
[2019-12-25T23:05:54.849] [DEBUG] cheese - null
[2019-12-25T23:05:54.850] [DEBUG] cheese - null
[2019-12-25T23:06:03.531] [DEBUG] cheese - login => username:admin,password:123456
[2019-12-25T23:06:03.531] [DEBUG] cheese - admin
[2019-12-25T23:06:03.534] [DEBUG] cheese - null
[2019-12-25T23:06:03.534] [DEBUG] cheese - null
[2019-12-25T23:10:20.056] [DEBUG] cheese - login => username:admin,password:123456dfs
[2019-12-25T23:10:20.056] [DEBUG] cheese - admin
[2019-12-25T23:10:20.059] [DEBUG] cheese - null
[2019-12-25T23:10:20.059] [DEBUG] cheese - null
[2019-12-25T23:10:23.215] [DEBUG] cheese - login => username:admin,password:123456
[2019-12-25T23:10:23.215] [DEBUG] cheese - admin
[2019-12-25T23:10:23.218] [DEBUG] cheese - null
[2019-12-25T23:10:23.219] [DEBUG] cheese - null
[2019-12-25T23:22:36.751] [DEBUG] cheese - login => username:admin,password:123456
[2019-12-25T23:22:36.751] [DEBUG] cheese - admin
[2019-12-25T23:22:36.755] [DEBUG] cheese - null
[2019-12-25T23:22:36.755] [DEBUG] cheese - null
[2019-12-25T23:22:49.104] [DEBUG] cheese - login => username:admin,password:123456
[2019-12-25T23:22:49.104] [DEBUG] cheese - admin
[2019-12-25T23:22:49.109] [DEBUG] cheese - null
[2019-12-25T23:22:49.109] [DEBUG] cheese - null
[2019-12-25T23:23:34.202] [DEBUG] cheese - login => username:admin,password:123456
[2019-12-25T23:23:34.202] [DEBUG] cheese - admin
[2019-12-25T23:23:34.207] [DEBUG] cheese - null
[2019-12-25T23:23:34.207] [DEBUG] cheese - null
[2019-12-25T23:30:29.160] [DEBUG] cheese - login => username:admin,password:123456
[2019-12-25T23:30:29.160] [DEBUG] cheese - admin
[2019-12-25T23:30:29.165] [DEBUG] cheese - null
[2019-12-25T23:30:29.165] [DEBUG] cheese - null
[2019-12-25T23:34:04.260] [DEBUG] cheese - login => username:admin,password:123456
[2019-12-25T23:34:04.260] [DEBUG] cheese - admin
[2019-12-25T23:34:04.269] [DEBUG] cheese - null
[2019-12-25T23:34:04.269] [DEBUG] cheese - null
[2019-12-25T23:35:24.270] [DEBUG] cheese - login => username:admin,password:123456
[2019-12-25T23:35:24.270] [DEBUG] cheese - admin
[2019-12-25T23:35:24.274] [DEBUG] cheese - null
[2019-12-25T23:35:24.274] [DEBUG] cheese - null
[2019-12-25T23:35:29.488] [DEBUG] cheese - login => username:admin,password:123456
[2019-12-25T23:35:29.488] [DEBUG] cheese - admin
[2019-12-25T23:35:29.491] [DEBUG] cheese - null
[2019-12-25T23:35:29.491] [DEBUG] cheese - null
[2019-12-25T23:42:02.426] [DEBUG] cheese - login => username:admin,password:123456
[2019-12-25T23:42:02.427] [DEBUG] cheese - admin
[2019-12-25T23:42:02.430] [DEBUG] cheese - null
[2019-12-25T23:42:02.430] [DEBUG] cheese - null
[2019-12-26T00:09:35.911] [DEBUG] cheese - login => username:admin,password:123456
[2019-12-26T00:09:35.911] [DEBUG] cheese - admin
[2019-12-26T00:09:35.916] [DEBUG] cheese - null
[2019-12-26T00:09:35.916] [DEBUG] cheese - null
[2019-12-26T00:12:51.936] [DEBUG] cheese - login => username:admin,password:123456
[2019-12-26T00:12:51.936] [DEBUG] cheese - admin
[2019-12-26T00:12:51.939] [DEBUG] cheese - null
[2019-12-26T00:12:51.940] [DEBUG] cheese - null
[2019-12-26T00:39:41.480] [DEBUG] cheese - login => username:admin,password:123456
[2019-12-26T00:39:41.480] [DEBUG] cheese - admin
[2019-12-26T00:39:41.483] [DEBUG] cheese - null
[2019-12-26T00:39:41.483] [DEBUG] cheese - null
[2019-12-26T20:59:20.386] [DEBUG] cheese - login => username:admin,password:123456
[2019-12-26T20:59:20.387] [DEBUG] cheese - admin
[2019-12-26T20:59:20.399] [DEBUG] cheese - null
[2019-12-26T20:59:20.400] [DEBUG] cheese - null
[2019-12-26T21:00:29.341] [DEBUG] cheese - login => username:admin,password:123456
[2019-12-26T21:00:29.341] [DEBUG] cheese - admin
[2019-12-26T21:00:29.344] [DEBUG] cheese - null
[2019-12-26T21:00:29.344] [DEBUG] cheese - null
[2019-12-26T21:10:05.022] [DEBUG] cheese - login => username:admin,password:123456
[2019-12-26T21:10:05.022] [DEBUG] cheese - admin
[2019-12-26T21:10:05.026] [DEBUG] cheese - null
[2019-12-26T21:10:05.026] [DEBUG] cheese - null
[2019-12-26T21:11:54.429] [DEBUG] cheese - login => username:admin,password:123456
[2019-12-26T21:11:54.429] [DEBUG] cheese - admin
[2019-12-26T21:11:54.432] [DEBUG] cheese - null
[2019-12-26T21:11:54.433] [DEBUG] cheese - null
[2019-12-26T21:37:12.866] [DEBUG] cheese - login => username:admin,password:123456
[2019-12-26T21:37:12.866] [DEBUG] cheese - admin
[2019-12-26T21:37:12.870] [DEBUG] cheese - null
[2019-12-26T21:37:12.870] [DEBUG] cheese - null
[2019-12-26T21:42:40.274] [DEBUG] cheese - login => username:admin,password:123456
[2019-12-26T21:42:40.275] [DEBUG] cheese - admin
[2019-12-26T21:42:40.279] [DEBUG] cheese - null
[2019-12-26T21:42:40.279] [DEBUG] cheese - null
[2019-12-26T22:31:07.320] [DEBUG] cheese - login => username:admin,password:123456
[2019-12-26T22:31:07.321] [DEBUG] cheese - admin
[2019-12-26T22:31:07.324] [DEBUG] cheese - null
[2019-12-26T22:31:07.324] [DEBUG] cheese - null
[2019-12-26T23:29:03.805] [DEBUG] cheese - login => username:admin,password:123456
[2019-12-26T23:29:03.805] [DEBUG] cheese - admin
[2019-12-26T23:29:03.807] [DEBUG] cheese - null
[2019-12-26T23:29:03.807] [DEBUG] cheese - null
[2019-12-27T00:17:58.397] [DEBUG] cheese - login => username:admin,password:123456
[2019-12-27T00:17:58.397] [DEBUG] cheese - admin
[2019-12-27T00:17:58.401] [DEBUG] cheese - null
[2019-12-27T00:17:58.402] [DEBUG] cheese - null
[2019-12-27T19:28:54.771] [DEBUG] cheese - login => username:admin,password:123456
[2019-12-27T19:28:54.772] [DEBUG] cheese - admin
[2019-12-27T19:28:54.785] [DEBUG] cheese - null
[2019-12-27T19:28:54.785] [DEBUG] cheese - null
[2019-12-27T19:29:36.816] [DEBUG] cheese - login => username:admin,password:123456
[2019-12-27T19:29:36.817] [DEBUG] cheese - admin
[2019-12-27T19:29:36.819] [DEBUG] cheese - null
[2019-12-27T19:29:36.820] [DEBUG] cheese - null
[2019-12-27T19:31:38.685] [DEBUG] cheese - login => username:admin,password:123456
[2019-12-27T19:31:38.685] [DEBUG] cheese - admin
[2019-12-27T19:31:38.687] [DEBUG] cheese - null
[2019-12-27T19:31:38.687] [DEBUG] cheese - null
[2019-12-27T23:06:18.823] [DEBUG] cheese - login => username:admin,password:123456
[2019-12-27T23:06:18.824] [DEBUG] cheese - admin
[2019-12-27T23:06:18.834] [DEBUG] cheese - null
[2019-12-27T23:06:18.835] [DEBUG] cheese - null
[2019-12-27T23:21:32.440] [DEBUG] cheese - login => username:admin,password:123456
[2019-12-27T23:21:32.440] [DEBUG] cheese - admin
[2019-12-27T23:21:32.444] [DEBUG] cheese - null
[2019-12-27T23:21:32.444] [DEBUG] cheese - null
[2019-12-28T19:24:33.427] [DEBUG] cheese - login => username:admin,password:123456
[2019-12-28T19:24:33.428] [DEBUG] cheese - admin
[2019-12-28T19:24:33.443] [DEBUG] cheese - null
[2019-12-28T19:24:33.443] [DEBUG] cheese - null
[2019-12-28T22:02:01.668] [DEBUG] cheese - login => username:admin,password:123456
[2019-12-28T22:02:01.668] [DEBUG] cheese - admin
[2019-12-28T22:02:01.670] [DEBUG] cheese - null
[2019-12-28T22:02:01.671] [DEBUG] cheese - null
[2019-12-30T19:53:59.483] [DEBUG] cheese - login => username:admin,password:123456
[2019-12-30T19:53:59.485] [DEBUG] cheese - admin
[2019-12-30T19:53:59.503] [DEBUG] cheese - null
[2019-12-30T19:53:59.504] [DEBUG] cheese - null
[2019-12-30T21:28:26.892] [DEBUG] cheese - login => username:admin,password:123456
[2019-12-30T21:28:26.892] [DEBUG] cheese - admin
[2019-12-30T21:28:26.897] [DEBUG] cheese - null
[2019-12-30T21:28:26.897] [DEBUG] cheese - null
[2019-12-30T21:32:04.430] [DEBUG] cheese - login => username:admin,password:123456
[2019-12-30T21:32:04.430] [DEBUG] cheese - admin
[2019-12-30T21:32:04.435] [DEBUG] cheese - null
[2019-12-30T21:32:04.435] [DEBUG] cheese - null
[2019-12-30T21:36:06.380] [DEBUG] cheese - login => username:admin,password:123456
[2019-12-30T21:36:06.380] [DEBUG] cheese - admin
[2019-12-30T21:36:06.385] [DEBUG] cheese - null
[2019-12-30T21:36:06.385] [DEBUG] cheese - null
[2019-12-30T22:48:48.001] [DEBUG] cheese - login => username:admin,password:123456
[2019-12-30T22:48:48.001] [DEBUG] cheese - admin
[2019-12-30T22:48:48.003] [DEBUG] cheese - login => username:admin,password:123456
[2019-12-30T22:48:48.003] [DEBUG] cheese - admin
[2019-12-30T22:48:48.007] [DEBUG] cheese - login => username:admin,password:123456
[2019-12-30T22:48:48.007] [DEBUG] cheese - admin
[2019-12-30T22:48:48.011] [DEBUG] cheese - null
[2019-12-30T22:48:48.011] [DEBUG] cheese - null
[2019-12-30T22:48:48.103] [DEBUG] cheese - null
[2019-12-30T22:48:48.103] [DEBUG] cheese - null
[2019-12-30T22:48:48.225] [DEBUG] cheese - null
[2019-12-30T22:48:48.225] [DEBUG] cheese - null
[2019-12-30T22:49:05.516] [DEBUG] cheese - login => username:admin,password:123456
[2019-12-30T22:49:05.517] [DEBUG] cheese - admin
[2019-12-30T22:49:05.528] [DEBUG] cheese - null
[2019-12-30T22:49:05.529] [DEBUG] cheese - null
[2020-01-01T20:32:52.890] [DEBUG] cheese - login => username:admin,password:123456
[2020-01-01T20:32:52.891] [DEBUG] cheese - admin
[2020-01-01T20:32:52.913] [DEBUG] cheese - null
[2020-01-01T20:32:52.914] [DEBUG] cheese - null
[2020-01-01T22:24:44.743] [DEBUG] cheese - null
[2020-01-01T22:25:01.714] [DEBUG] cheese - null
[2020-01-01T22:25:54.074] [DEBUG] cheese - null
[2020-01-01T23:53:50.474] [DEBUG] cheese - null
[2020-01-01T23:54:10.274] [DEBUG] cheese - null
[2020-01-02T19:16:53.436] [DEBUG] cheese - login => username:admin,password:123456
[2020-01-02T19:16:53.437] [DEBUG] cheese - admin
[2020-01-02T19:16:53.448] [DEBUG] cheese - null
[2020-01-02T19:16:53.448] [DEBUG] cheese - null
[2020-01-02T19:19:31.853] [DEBUG] cheese - null
[2020-01-02T19:19:34.079] [DEBUG] cheese - null
[2020-01-02T19:19:36.723] [DEBUG] cheese - null
[2020-01-02T19:19:39.340] [DEBUG] cheese - null
[2020-01-02T19:19:41.633] [DEBUG] cheese - null
[2020-01-02T19:19:44.563] [DEBUG] cheese - null
[2020-01-02T19:19:53.562] [DEBUG] cheese - null
[2020-01-02T23:07:20.540] [DEBUG] cheese - login => username:admin,password:123456
[2020-01-02T23:07:20.541] [DEBUG] cheese - admin
[2020-01-02T23:07:20.551] [DEBUG] cheese - null
[2020-01-02T23:07:20.552] [DEBUG] cheese - null
[2020-01-02T23:19:09.848] [DEBUG] cheese - login => username:admin,password:123456
[2020-01-02T23:19:09.849] [DEBUG] cheese - admin
[2020-01-02T23:19:09.876] [DEBUG] cheese - null
[2020-01-02T23:19:09.877] [DEBUG] cheese - null
[2020-01-03T00:27:55.023] [DEBUG] cheese - login => username:admin,password:123456
[2020-01-03T00:27:55.026] [DEBUG] cheese - admin
[2020-01-03T00:27:55.055] [DEBUG] cheese - null
[2020-01-03T00:27:55.055] [DEBUG] cheese - null
[2020-01-03T00:55:59.171] [DEBUG] cheese - login => username:admin,password:123456
[2020-01-03T00:55:59.172] [DEBUG] cheese - admin
[2020-01-03T00:55:59.177] [DEBUG] cheese - null
[2020-01-03T00:55:59.177] [DEBUG] cheese - null
[2020-01-03T19:05:09.990] [DEBUG] cheese - login => username:admin,password:123456
[2020-01-03T19:05:09.991] [DEBUG] cheese - admin
[2020-01-03T19:05:10.004] [DEBUG] cheese - null
[2020-01-03T19:05:10.005] [DEBUG] cheese - null
[2020-01-03T23:07:42.224] [DEBUG] cheese - login => username:admin,password:123456
[2020-01-03T23:07:42.226] [DEBUG] cheese - admin
[2020-01-03T23:07:42.237] [DEBUG] cheese - null
[2020-01-03T23:07:42.237] [DEBUG] cheese - null
[2020-01-04T01:01:23.641] [DEBUG] cheese - login => username:admin,password:123456
[2020-01-04T01:01:23.642] [DEBUG] cheese - admin
[2020-01-04T01:01:23.645] [DEBUG] cheese - null
[2020-01-04T01:01:23.645] [DEBUG] cheese - null
[2020-01-04T23:29:55.932] [DEBUG] cheese - login => username:admin,password:123456
[2020-01-04T23:29:55.933] [DEBUG] cheese - admin
[2020-01-04T23:29:55.952] [DEBUG] cheese - null
[2020-01-04T23:29:55.953] [DEBUG] cheese - null
[2020-01-06T00:04:32.268] [DEBUG] cheese - login => username:admin,password:123456
[2020-01-06T00:04:32.269] [DEBUG] cheese - admin
[2020-01-06T00:04:32.281] [DEBUG] cheese - null
[2020-01-06T00:04:32.282] [DEBUG] cheese - null
[2020-01-06T23:01:05.057] [DEBUG] cheese - login => username:admin,password:123456
[2020-01-06T23:01:05.058] [DEBUG] cheese - admin
[2020-01-06T23:01:05.068] [DEBUG] cheese - null
[2020-01-06T23:01:05.069] [DEBUG] cheese - null
[2020-01-07T00:16:43.040] [DEBUG] cheese - login => username:admin,password:123456
[2020-01-07T00:16:43.041] [DEBUG] cheese - admin
[2020-01-07T00:16:43.045] [DEBUG] cheese - null
[2020-01-07T00:16:43.046] [DEBUG] cheese - null
[2020-01-07T23:01:52.491] [DEBUG] cheese - login => username:admin,password:123456
[2020-01-07T23:01:52.493] [DEBUG] cheese - admin
[2020-01-07T23:01:52.521] [DEBUG] cheese - null
[2020-01-07T23:01:52.522] [DEBUG] cheese - null
[2020-01-07T23:03:56.455] [DEBUG] cheese - null
[2020-01-07T23:03:58.251] [DEBUG] cheese - null
[2020-01-07T23:10:41.821] [DEBUG] cheese - login => username:admin,password:123456
[2020-01-07T23:10:41.821] [DEBUG] cheese - admin
[2020-01-07T23:10:41.824] [DEBUG] cheese - null
[2020-01-07T23:10:41.824] [DEBUG] cheese - null
[2020-01-07T23:12:22.340] [DEBUG] cheese - login => username:海狗狗,password:123456
[2020-01-07T23:12:22.340] [DEBUG] cheese - 海狗狗
[2020-01-07T23:12:22.343] [DEBUG] cheese - null
[2020-01-07T23:12:22.343] [DEBUG] cheese - null
[2020-01-07T23:12:23.381] [DEBUG] cheese - login => username:海狗狗,password:123456
[2020-01-07T23:12:23.381] [DEBUG] cheese - 海狗狗
[2020-01-07T23:12:23.384] [DEBUG] cheese - null
[2020-01-07T23:12:23.384] [DEBUG] cheese - null
[2020-01-07T23:12:25.684] [DEBUG] cheese - login => username:海狗狗,password:123456
[2020-01-07T23:12:25.684] [DEBUG] cheese - 海狗狗
[2020-01-07T23:12:25.687] [DEBUG] cheese - null
[2020-01-07T23:12:25.687] [DEBUG] cheese - null
[2020-01-07T23:12:28.008] [DEBUG] cheese - login => username:admin,password:123456
[2020-01-07T23:12:28.008] [DEBUG] cheese - admin
[2020-01-07T23:12:28.011] [DEBUG] cheese - null
[2020-01-07T23:12:28.011] [DEBUG] cheese - null
[2020-01-07T23:12:47.517] [DEBUG] cheese - login => username:海狗狗,password:123456
[2020-01-07T23:12:47.517] [DEBUG] cheese - 海狗狗
[2020-01-07T23:12:47.519] [DEBUG] cheese - null
[2020-01-07T23:12:47.519] [DEBUG] cheese - null
[2020-01-07T23:12:53.010] [DEBUG] cheese - login => username:海狗狗,password:123456
[2020-01-07T23:12:53.010] [DEBUG] cheese - 海狗狗
[2020-01-07T23:12:53.013] [DEBUG] cheese - null
[2020-01-07T23:12:53.013] [DEBUG] cheese - null
[2020-01-07T23:12:56.317] [DEBUG] cheese - login => username:admin,password:123456
[2020-01-07T23:12:56.317] [DEBUG] cheese - admin
[2020-01-07T23:12:56.320] [DEBUG] cheese - null
[2020-01-07T23:12:56.320] [DEBUG] cheese - null
[2020-01-07T23:13:54.385] [DEBUG] cheese - login => username:hai,password:123456
[2020-01-07T23:13:54.385] [DEBUG] cheese - hai
[2020-01-07T23:13:54.388] [DEBUG] cheese - null
[2020-01-07T23:13:54.388] [DEBUG] cheese - null
[2020-01-07T23:13:55.131] [DEBUG] cheese - login => username:hai,password:123456
[2020-01-07T23:13:55.131] [DEBUG] cheese - hai
[2020-01-07T23:13:55.133] [DEBUG] cheese - null
[2020-01-07T23:13:55.133] [DEBUG] cheese - null
[2020-01-07T23:14:41.619] [DEBUG] cheese - login => username:hai,password:123456
[2020-01-07T23:14:41.619] [DEBUG] cheese - hai
[2020-01-07T23:14:41.622] [DEBUG] cheese - null
[2020-01-07T23:14:41.622] [DEBUG] cheese - null
[2020-01-07T23:14:58.434] [DEBUG] cheese - login => username:admin,password:123456
[2020-01-07T23:14:58.434] [DEBUG] cheese - admin
[2020-01-07T23:14:58.437] [DEBUG] cheese - null
[2020-01-07T23:14:58.438] [DEBUG] cheese - null
[2020-01-07T23:15:23.092] [DEBUG] cheese - login => username:hai,password:123456
[2020-01-07T23:15:23.093] [DEBUG] cheese - hai
[2020-01-07T23:15:23.095] [DEBUG] cheese - null
[2020-01-07T23:15:23.095] [DEBUG] cheese - null
[2020-01-07T23:15:25.819] [DEBUG] cheese - null
[2020-01-07T23:15:25.822] [DEBUG] cheese - null
[2020-01-07T23:15:27.716] [DEBUG] cheese - null
[2020-01-07T23:15:27.723] [DEBUG] cheese - null
[2020-01-07T23:15:28.707] [DEBUG] cheese - null
[2020-01-07T23:15:28.712] [DEBUG] cheese - null
[2020-01-07T23:15:29.589] [DEBUG] cheese - null
[2020-01-07T23:15:29.592] [DEBUG] cheese - null
[2020-01-07T23:15:31.133] [DEBUG] cheese - null
[2020-01-07T23:15:31.138] [DEBUG] cheese - null
[2020-01-07T23:15:33.641] [DEBUG] cheese - null
[2020-01-07T23:15:33.644] [DEBUG] cheese - null
[2020-01-07T23:15:49.911] [DEBUG] cheese - null
[2020-01-07T23:15:49.913] [DEBUG] cheese - null
[2020-01-07T23:15:52.199] [DEBUG] cheese - null
[2020-01-07T23:15:52.204] [DEBUG] cheese - null
[2020-01-07T23:15:55.050] [DEBUG] cheese - null
[2020-01-07T23:15:55.053] [DEBUG] cheese - null
[2020-01-07T23:15:58.794] [DEBUG] cheese - null
[2020-01-07T23:15:58.796] [DEBUG] cheese - null
[2020-01-07T23:16:49.888] [DEBUG] cheese - null
[2020-01-07T23:16:49.890] [DEBUG] cheese - null
[2020-01-07T23:16:53.189] [DEBUG] cheese - null
[2020-01-07T23:16:53.191] [DEBUG] cheese - null
[2020-01-07T23:16:59.046] [DEBUG] cheese - null
[2020-01-07T23:16:59.049] [DEBUG] cheese - null
[2020-01-07T23:17:00.695] [DEBUG] cheese - null
[2020-01-07T23:17:00.700] [DEBUG] cheese - null
[2020-01-07T23:17:02.271] [DEBUG] cheese - null
[2020-01-07T23:17:02.275] [DEBUG] cheese - null
[2020-01-07T23:17:03.953] [DEBUG] cheese - null
[2020-01-07T23:17:03.957] [DEBUG] cheese - null
[2020-01-07T23:17:05.183] [DEBUG] cheese - null
[2020-01-07T23:17:05.185] [DEBUG] cheese - null
[2020-01-07T23:18:21.731] [DEBUG] cheese - null
[2020-01-07T23:18:21.733] [DEBUG] cheese - null
[2020-01-07T23:18:22.498] [DEBUG] cheese - null
[2020-01-07T23:18:22.500] [DEBUG] cheese - null
[2020-01-07T23:18:36.625] [DEBUG] cheese - null
[2020-01-07T23:18:36.627] [DEBUG] cheese - null
[2020-01-07T23:18:37.486] [DEBUG] cheese - null
[2020-01-07T23:18:37.488] [DEBUG] cheese - null
[2020-01-07T23:18:38.410] [DEBUG] cheese - null
[2020-01-07T23:18:38.411] [DEBUG] cheese - null
[2020-01-07T23:18:39.229] [DEBUG] cheese - null
[2020-01-07T23:18:39.231] [DEBUG] cheese - null
[2020-01-07T23:18:40.111] [DEBUG] cheese - null
[2020-01-07T23:18:40.113] [DEBUG] cheese - null
[2020-01-07T23:18:42.611] [DEBUG] cheese - null
[2020-01-07T23:18:42.613] [DEBUG] cheese - null
[2020-01-07T23:18:43.195] [DEBUG] cheese - null
[2020-01-07T23:18:43.209] [DEBUG] cheese - null
[2020-01-07T23:18:43.832] [DEBUG] cheese - null
[2020-01-07T23:18:43.837] [DEBUG] cheese - null
[2020-01-07T23:34:14.714] [DEBUG] cheese - null
[2020-01-07T23:34:14.715] [DEBUG] cheese - null
[2020-01-07T23:34:18.059] [DEBUG] cheese - null
[2020-01-07T23:34:18.062] [DEBUG] cheese - null
[2020-01-07T23:34:24.222] [DEBUG] cheese - null
[2020-01-07T23:34:24.224] [DEBUG] cheese - null
[2020-01-07T23:34:26.538] [DEBUG] cheese - null
[2020-01-07T23:34:26.541] [DEBUG] cheese - null
[2020-01-07T23:34:29.399] [DEBUG] cheese - null
[2020-01-07T23:34:29.402] [DEBUG] cheese - null
[2020-01-07T23:34:37.612] [DEBUG] cheese - null
[2020-01-07T23:34:37.614] [DEBUG] cheese - null
[2020-01-07T23:34:39.395] [DEBUG] cheese - null
[2020-01-07T23:34:39.397] [DEBUG] cheese - null
[2020-01-07T23:34:41.948] [DEBUG] cheese - null
[2020-01-07T23:34:41.950] [DEBUG] cheese - null
[2020-01-07T23:35:22.177] [DEBUG] cheese - null
[2020-01-07T23:35:22.182] [DEBUG] cheese - null
[2020-01-07T23:38:39.772] [DEBUG] cheese - null
[2020-01-07T23:38:39.775] [DEBUG] cheese - null
[2020-01-07T23:38:40.888] [DEBUG] cheese - null
[2020-01-07T23:38:40.891] [DEBUG] cheese - null
[2020-01-07T23:38:43.760] [DEBUG] cheese - null
[2020-01-07T23:38:43.763] [DEBUG] cheese - null
[2020-01-07T23:38:44.744] [DEBUG] cheese - null
[2020-01-07T23:38:44.748] [DEBUG] cheese - null
[2020-01-07T23:38:52.032] [DEBUG] cheese - null
[2020-01-07T23:38:52.036] [DEBUG] cheese - null
[2020-01-07T23:39:52.760] [DEBUG] cheese - null
[2020-01-07T23:39:52.763] [DEBUG] cheese - null
[2020-01-07T23:40:21.617] [DEBUG] cheese - null
[2020-01-07T23:40:21.619] [DEBUG] cheese - null
[2020-01-07T23:40:54.755] [DEBUG] cheese - null
[2020-01-07T23:40:54.760] [DEBUG] cheese - null
[2020-01-07T23:41:00.065] [DEBUG] cheese - null
[2020-01-07T23:41:00.069] [DEBUG] cheese - null
[2020-01-07T23:41:03.618] [DEBUG] cheese - null
[2020-01-07T23:41:03.620] [DEBUG] cheese - null
[2020-01-07T23:41:24.092] [DEBUG] cheese - null
[2020-01-07T23:41:24.095] [DEBUG] cheese - null
[2020-01-07T23:41:33.037] [DEBUG] cheese - null
[2020-01-07T23:41:33.040] [DEBUG] cheese - null
[2020-01-07T23:41:36.537] [DEBUG] cheese - null
[2020-01-07T23:41:36.539] [DEBUG] cheese - null
[2020-01-07T23:41:39.303] [DEBUG] cheese - null
[2020-01-07T23:41:39.305] [DEBUG] cheese - null
[2020-01-07T23:41:42.902] [DEBUG] cheese - null
[2020-01-07T23:41:42.905] [DEBUG] cheese - null
[2020-01-07T23:41:44.842] [DEBUG] cheese - null
[2020-01-07T23:41:44.844] [DEBUG] cheese - null
[2020-01-07T23:41:45.815] [DEBUG] cheese - null
[2020-01-07T23:41:45.817] [DEBUG] cheese - null
[2020-01-07T23:41:46.759] [DEBUG] cheese - null
[2020-01-07T23:41:46.761] [DEBUG] cheese - null
[2020-01-07T23:57:19.371] [DEBUG] cheese - null
[2020-01-07T23:57:19.373] [DEBUG] cheese - null
[2020-01-07T23:57:22.755] [DEBUG] cheese - null
[2020-01-07T23:57:22.758] [DEBUG] cheese - null
[2020-01-07T23:57:24.934] [DEBUG] cheese - null
[2020-01-07T23:57:24.936] [DEBUG] cheese - null
[2020-01-07T23:57:29.202] [DEBUG] cheese - null
[2020-01-07T23:57:29.205] [DEBUG] cheese - null
[2020-01-07T23:57:30.249] [DEBUG] cheese - null
[2020-01-07T23:57:30.253] [DEBUG] cheese - null
[2020-01-07T23:57:31.121] [DEBUG] cheese - null
[2020-01-07T23:57:31.124] [DEBUG] cheese - null
[2020-01-07T23:57:31.984] [DEBUG] cheese - null
[2020-01-07T23:57:31.988] [DEBUG] cheese - null
[2020-01-07T23:57:33.340] [DEBUG] cheese - null
[2020-01-07T23:57:33.346] [DEBUG] cheese - null
[2020-01-07T23:59:35.069] [DEBUG] cheese - null
[2020-01-07T23:59:35.071] [DEBUG] cheese - null
[2020-01-07T23:59:40.524] [DEBUG] cheese - null
[2020-01-07T23:59:40.526] [DEBUG] cheese - null
[2020-01-07T23:59:46.064] [DEBUG] cheese - null
[2020-01-07T23:59:46.066] [DEBUG] cheese - null
[2020-01-07T23:59:48.506] [DEBUG] cheese - null
[2020-01-07T23:59:48.508] [DEBUG] cheese - null
[2020-01-07T23:59:51.795] [DEBUG] cheese - null
[2020-01-07T23:59:51.798] [DEBUG] cheese - null
[2020-01-07T23:59:52.453] [DEBUG] cheese - null
[2020-01-07T23:59:52.455] [DEBUG] cheese - null
[2020-01-07T23:59:53.569] [DEBUG] cheese - null
[2020-01-07T23:59:53.573] [DEBUG] cheese - null
[2020-01-08T00:00:23.445] [DEBUG] cheese - null
[2020-01-08T00:00:23.447] [DEBUG] cheese - null
[2020-01-08T00:00:24.584] [DEBUG] cheese - null
[2020-01-08T00:00:24.586] [DEBUG] cheese - null
[2020-01-08T00:00:42.578] [DEBUG] cheese - null
[2020-01-08T00:00:42.580] [DEBUG] cheese - null
[2020-01-08T00:00:54.444] [DEBUG] cheese - null
[2020-01-08T00:00:54.446] [DEBUG] cheese - null
[2020-01-08T00:00:58.246] [DEBUG] cheese - null
[2020-01-08T00:00:58.249] [DEBUG] cheese - null
[2020-01-08T00:01:02.971] [DEBUG] cheese - null
[2020-01-08T00:01:02.972] [DEBUG] cheese - null
[2020-01-08T00:01:07.067] [DEBUG] cheese - null
[2020-01-08T00:01:07.070] [DEBUG] cheese - null
[2020-01-08T00:01:13.868] [DEBUG] cheese - null
[2020-01-08T00:01:13.869] [DEBUG] cheese - null
[2020-01-08T00:02:28.742] [DEBUG] cheese - null
[2020-01-08T00:02:28.744] [DEBUG] cheese - null
[2020-01-08T00:02:29.907] [DEBUG] cheese - null
[2020-01-08T00:02:29.909] [DEBUG] cheese - null
[2020-01-08T00:02:31.876] [DEBUG] cheese - null
[2020-01-08T00:02:31.879] [DEBUG] cheese - null
[2020-01-08T00:02:33.099] [DEBUG] cheese - null
[2020-01-08T00:02:33.101] [DEBUG] cheese - null
[2020-01-08T00:02:35.003] [DEBUG] cheese - null
[2020-01-08T00:02:35.006] [DEBUG] cheese - null
[2020-01-08T00:02:45.118] [DEBUG] cheese - null
[2020-01-08T00:02:45.121] [DEBUG] cheese - null
[2020-01-08T00:02:47.812] [DEBUG] cheese - null
[2020-01-08T00:02:47.815] [DEBUG] cheese - null
[2020-01-08T00:06:52.997] [DEBUG] cheese - null
[2020-01-08T00:06:53.000] [DEBUG] cheese - null
[2020-01-08T00:06:55.238] [DEBUG] cheese - null
[2020-01-08T00:06:55.240] [DEBUG] cheese - null
[2020-01-08T00:06:56.117] [DEBUG] cheese - null
[2020-01-08T00:06:56.119] [DEBUG] cheese - null
[2020-01-08T00:06:57.007] [DEBUG] cheese - null
[2020-01-08T00:06:57.009] [DEBUG] cheese - null
[2020-01-08T00:06:57.697] [DEBUG] cheese - null
[2020-01-08T00:06:57.699] [DEBUG] cheese - null
[2020-01-08T00:06:58.463] [DEBUG] cheese - null
[2020-01-08T00:06:58.465] [DEBUG] cheese - null
[2020-01-08T00:07:02.657] [DEBUG] cheese - null
[2020-01-08T00:07:02.659] [DEBUG] cheese - null
[2020-01-08T00:07:07.559] [DEBUG] cheese - null
[2020-01-08T00:07:07.562] [DEBUG] cheese - null
[2020-01-08T00:07:09.092] [DEBUG] cheese - null
[2020-01-08T00:07:09.096] [DEBUG] cheese - null
[2020-01-08T00:07:09.884] [DEBUG] cheese - null
[2020-01-08T00:07:09.885] [DEBUG] cheese - null
[2020-01-08T00:07:10.685] [DEBUG] cheese - null
[2020-01-08T00:07:10.687] [DEBUG] cheese - null
[2020-01-08T00:07:12.263] [DEBUG] cheese - null
[2020-01-08T00:07:12.265] [DEBUG] cheese - null
[2020-01-08T00:07:12.897] [DEBUG] cheese - null
[2020-01-08T00:07:12.899] [DEBUG] cheese - null
[2020-01-08T00:07:13.548] [DEBUG] cheese - null
[2020-01-08T00:07:13.549] [DEBUG] cheese - null
[2020-01-08T00:07:14.315] [DEBUG] cheese - null
[2020-01-08T00:07:14.318] [DEBUG] cheese - null
[2020-01-08T00:07:15.037] [DEBUG] cheese - null
[2020-01-08T00:07:15.039] [DEBUG] cheese - null
[2020-01-08T00:07:16.415] [DEBUG] cheese - null
[2020-01-08T00:07:16.416] [DEBUG] cheese - null
[2020-01-08T00:07:16.942] [DEBUG] cheese - null
[2020-01-08T00:07:16.944] [DEBUG] cheese - null
[2020-01-08T00:07:17.598] [DEBUG] cheese - null
[2020-01-08T00:07:17.599] [DEBUG] cheese - null
[2020-01-08T00:07:18.150] [DEBUG] cheese - null
[2020-01-08T00:07:18.152] [DEBUG] cheese - null
[2020-01-08T00:07:18.781] [DEBUG] cheese - null
[2020-01-08T00:07:18.783] [DEBUG] cheese - null
[2020-01-08T00:07:20.536] [DEBUG] cheese - null
[2020-01-08T00:07:20.538] [DEBUG] cheese - null
[2020-01-08T00:07:21.006] [DEBUG] cheese - null
[2020-01-08T00:07:21.009] [DEBUG] cheese - null
[2020-01-08T00:07:21.499] [DEBUG] cheese - null
[2020-01-08T00:07:21.502] [DEBUG] cheese - null
[2020-01-08T00:07:22.234] [DEBUG] cheese - null
[2020-01-08T00:07:22.236] [DEBUG] cheese - null
[2020-01-08T00:07:23.008] [DEBUG] cheese - null
[2020-01-08T00:07:23.010] [DEBUG] cheese - null
[2020-01-08T00:07:24.116] [DEBUG] cheese - null
[2020-01-08T00:07:24.117] [DEBUG] cheese - null
[2020-01-08T00:07:36.936] [DEBUG] cheese - null
[2020-01-08T00:07:36.938] [DEBUG] cheese - null
[2020-01-08T00:08:02.433] [DEBUG] cheese - null
[2020-01-08T00:08:02.435] [DEBUG] cheese - null
[2020-01-08T00:08:10.468] [DEBUG] cheese - null
[2020-01-08T00:08:10.469] [DEBUG] cheese - null
[2020-01-08T00:08:14.351] [DEBUG] cheese - null
[2020-01-08T00:08:14.353] [DEBUG] cheese - null
[2020-01-08T00:08:15.351] [DEBUG] cheese - null
[2020-01-08T00:08:15.353] [DEBUG] cheese - null
[2020-01-08T00:08:16.333] [DEBUG] cheese - null
[2020-01-08T00:08:16.347] [DEBUG] cheese - null
[2020-01-08T00:08:17.167] [DEBUG] cheese - null
[2020-01-08T00:08:17.169] [DEBUG] cheese - null
[2020-01-08T00:09:10.153] [DEBUG] cheese - null
[2020-01-08T00:09:10.158] [DEBUG] cheese - null
[2020-01-08T00:09:12.898] [DEBUG] cheese - null
[2020-01-08T00:09:12.900] [DEBUG] cheese - null
[2020-01-08T00:09:19.447] [DEBUG] cheese - null
[2020-01-08T00:09:19.449] [DEBUG] cheese - null
[2020-01-08T00:09:38.181] [DEBUG] cheese - null
[2020-01-08T00:09:38.184] [DEBUG] cheese - null
[2020-01-08T00:09:39.162] [DEBUG] cheese - null
[2020-01-08T00:09:39.165] [DEBUG] cheese - null
[2020-01-08T00:09:41.026] [DEBUG] cheese - null
[2020-01-08T00:09:41.030] [DEBUG] cheese - null
[2020-01-08T00:09:42.202] [DEBUG] cheese - null
[2020-01-08T00:09:42.207] [DEBUG] cheese - null
[2020-01-08T00:09:42.864] [DEBUG] cheese - null
[2020-01-08T00:09:42.866] [DEBUG] cheese - null
[2020-01-08T00:09:43.976] [DEBUG] cheese - null
[2020-01-08T00:09:43.978] [DEBUG] cheese - null
[2020-01-08T00:10:12.466] [DEBUG] cheese - null
[2020-01-08T00:10:12.468] [DEBUG] cheese - null
[2020-01-08T00:10:20.727] [DEBUG] cheese - null
[2020-01-08T00:10:20.728] [DEBUG] cheese - null
[2020-01-08T00:10:22.509] [DEBUG] cheese - null
[2020-01-08T00:10:22.511] [DEBUG] cheese - null
[2020-01-08T00:10:43.171] [DEBUG] cheese - null
[2020-01-08T00:10:43.174] [DEBUG] cheese - null
[2020-01-08T00:10:47.217] [DEBUG] cheese - null
[2020-01-08T00:10:47.219] [DEBUG] cheese - null
[2020-01-08T00:10:51.511] [DEBUG] cheese - null
[2020-01-08T00:10:51.512] [DEBUG] cheese - null
[2020-01-08T00:10:56.272] [DEBUG] cheese - null
[2020-01-08T00:10:56.274] [DEBUG] cheese - null
[2020-01-08T00:11:00.997] [DEBUG] cheese - null
[2020-01-08T00:11:00.999] [DEBUG] cheese - null
[2020-01-08T00:11:03.961] [DEBUG] cheese - null
[2020-01-08T00:11:03.964] [DEBUG] cheese - null
[2020-01-08T00:11:11.898] [DEBUG] cheese - null
[2020-01-08T00:11:11.901] [DEBUG] cheese - null
[2020-01-08T00:11:25.646] [DEBUG] cheese - null
[2020-01-08T00:11:25.647] [DEBUG] cheese - null
[2020-01-08T00:11:38.856] [DEBUG] cheese - null
[2020-01-08T00:11:38.859] [DEBUG] cheese - null
[2020-01-08T00:11:58.956] [DEBUG] cheese - null
[2020-01-08T00:11:58.958] [DEBUG] cheese - null
[2020-01-08T00:12:02.864] [DEBUG] cheese - null
[2020-01-08T00:12:02.865] [DEBUG] cheese - null
[2020-01-08T00:12:07.472] [DEBUG] cheese - null
[2020-01-08T00:12:07.474] [DEBUG] cheese - null
[2020-01-08T00:21:51.920] [DEBUG] cheese - null
[2020-01-08T00:21:51.922] [DEBUG] cheese - null
[2020-01-08T00:21:53.484] [DEBUG] cheese - null
[2020-01-08T00:21:53.486] [DEBUG] cheese - null
[2020-01-08T00:21:54.044] [DEBUG] cheese - null
[2020-01-08T00:21:54.047] [DEBUG] cheese - null
[2020-01-08T00:21:55.164] [DEBUG] cheese - null
[2020-01-08T00:21:55.167] [DEBUG] cheese - null
[2020-01-08T00:21:56.954] [DEBUG] cheese - null
[2020-01-08T00:21:56.957] [DEBUG] cheese - null
[2020-01-08T00:21:57.751] [DEBUG] cheese - null
[2020-01-08T00:21:57.754] [DEBUG] cheese - null
[2020-01-08T00:21:58.485] [DEBUG] cheese - null
[2020-01-08T00:21:58.488] [DEBUG] cheese - null
[2020-01-08T00:22:00.103] [DEBUG] cheese - null
[2020-01-08T00:22:00.106] [DEBUG] cheese - null
[2020-01-08T00:22:01.894] [DEBUG] cheese - null
[2020-01-08T00:22:01.897] [DEBUG] cheese - null
[2020-01-08T00:22:07.065] [DEBUG] cheese - null
[2020-01-08T00:22:07.067] [DEBUG] cheese - null
[2020-01-08T00:22:09.697] [DEBUG] cheese - null
[2020-01-08T00:22:09.699] [DEBUG] cheese - null
[2020-01-08T00:22:12.658] [DEBUG] cheese - null
[2020-01-08T00:22:12.660] [DEBUG] cheese - null
[2020-01-08T00:22:14.901] [DEBUG] cheese - null
[2020-01-08T00:22:14.903] [DEBUG] cheese - null
[2020-01-08T00:22:15.604] [DEBUG] cheese - null
[2020-01-08T00:22:15.606] [DEBUG] cheese - null
[2020-01-08T00:22:16.132] [DEBUG] cheese - null
[2020-01-08T00:22:16.134] [DEBUG] cheese - null
[2020-01-08T00:22:16.676] [DEBUG] cheese - null
[2020-01-08T00:22:16.679] [DEBUG] cheese - null
[2020-01-08T00:22:17.090] [DEBUG] cheese - null
[2020-01-08T00:22:17.091] [DEBUG] cheese - null
[2020-01-08T00:22:17.473] [DEBUG] cheese - null
[2020-01-08T00:22:17.476] [DEBUG] cheese - null
[2020-01-08T00:22:17.871] [DEBUG] cheese - null
[2020-01-08T00:22:17.873] [DEBUG] cheese - null
[2020-01-08T00:22:18.273] [DEBUG] cheese - null
[2020-01-08T00:22:18.275] [DEBUG] cheese - null
[2020-01-08T00:22:18.599] [DEBUG] cheese - null
[2020-01-08T00:22:18.601] [DEBUG] cheese - null
[2020-01-08T00:22:18.941] [DEBUG] cheese - null
[2020-01-08T00:22:18.944] [DEBUG] cheese - null
[2020-01-08T00:22:19.296] [DEBUG] cheese - null
[2020-01-08T00:22:19.298] [DEBUG] cheese - null
[2020-01-08T00:22:19.652] [DEBUG] cheese - null
[2020-01-08T00:22:19.655] [DEBUG] cheese - null
[2020-01-08T00:22:19.972] [DEBUG] cheese - null
[2020-01-08T00:22:19.975] [DEBUG] cheese - null
[2020-01-08T00:22:23.410] [DEBUG] cheese - null
[2020-01-08T00:22:23.416] [DEBUG] cheese - null
[2020-01-08T00:22:52.948] [DEBUG] cheese - null
[2020-01-08T00:22:52.950] [DEBUG] cheese - null
[2020-01-08T00:22:56.189] [DEBUG] cheese - null
[2020-01-08T00:22:56.192] [DEBUG] cheese - null
[2020-01-08T00:22:57.194] [DEBUG] cheese - null
[2020-01-08T00:22:57.196] [DEBUG] cheese - null
[2020-01-08T00:22:57.822] [DEBUG] cheese - null
[2020-01-08T00:22:57.824] [DEBUG] cheese - null
[2020-01-08T00:23:00.242] [DEBUG] cheese - null
[2020-01-08T00:23:00.245] [DEBUG] cheese - null
[2020-01-08T00:23:03.393] [DEBUG] cheese - null
[2020-01-08T00:23:03.396] [DEBUG] cheese - null
[2020-01-08T00:23:15.144] [DEBUG] cheese - null
[2020-01-08T00:23:15.147] [DEBUG] cheese - null
[2020-01-08T00:23:17.368] [DEBUG] cheese - null
[2020-01-08T00:23:17.370] [DEBUG] cheese - null
[2020-01-08T00:23:25.189] [DEBUG] cheese - null
[2020-01-08T00:23:25.190] [DEBUG] cheese - null
[2020-01-08T00:23:26.044] [DEBUG] cheese - null
[2020-01-08T00:23:26.048] [DEBUG] cheese - null
[2020-01-08T00:23:27.069] [DEBUG] cheese - null
[2020-01-08T00:23:27.071] [DEBUG] cheese - null
[2020-01-08T00:23:27.757] [DEBUG] cheese - null
[2020-01-08T00:23:27.760] [DEBUG] cheese - null
[2020-01-08T00:23:28.376] [DEBUG] cheese - null
[2020-01-08T00:23:28.378] [DEBUG] cheese - null
[2020-01-08T00:23:29.894] [DEBUG] cheese - null
[2020-01-08T00:23:29.906] [DEBUG] cheese - null
[2020-01-08T00:23:50.534] [DEBUG] cheese - null
[2020-01-08T00:23:50.537] [DEBUG] cheese - null
[2020-01-08T00:23:53.527] [DEBUG] cheese - null
[2020-01-08T00:23:53.529] [DEBUG] cheese - null
[2020-01-08T00:23:56.013] [DEBUG] cheese - null
[2020-01-08T00:23:56.015] [DEBUG] cheese - null
[2020-01-08T00:24:00.447] [DEBUG] cheese - null
[2020-01-08T00:24:00.449] [DEBUG] cheese - null
[2020-01-08T00:24:19.955] [DEBUG] cheese - null
[2020-01-08T00:24:19.958] [DEBUG] cheese - null
[2020-01-08T00:24:21.159] [DEBUG] cheese - null
[2020-01-08T00:24:21.162] [DEBUG] cheese - null
[2020-01-08T00:24:24.956] [DEBUG] cheese - null
[2020-01-08T00:24:24.957] [DEBUG] cheese - null
[2020-01-08T00:24:27.788] [DEBUG] cheese - null
[2020-01-08T00:24:27.792] [DEBUG] cheese - null
[2020-01-08T00:24:28.957] [DEBUG] cheese - null
[2020-01-08T00:24:28.959] [DEBUG] cheese - null
[2020-01-08T00:24:30.301] [DEBUG] cheese - null
[2020-01-08T00:24:30.313] [DEBUG] cheese - null
[2020-01-08T00:24:31.152] [DEBUG] cheese - null
[2020-01-08T00:24:31.165] [DEBUG] cheese - null
[2020-01-08T00:24:32.528] [DEBUG] cheese - null
[2020-01-08T00:24:32.530] [DEBUG] cheese - null
[2020-01-08T00:24:34.294] [DEBUG] cheese - null
[2020-01-08T00:24:34.296] [DEBUG] cheese - null
[2020-01-08T00:25:41.547] [DEBUG] cheese - null
[2020-01-08T00:25:41.552] [DEBUG] cheese - null
[2020-01-08T00:25:42.968] [DEBUG] cheese - null
[2020-01-08T00:25:42.971] [DEBUG] cheese - null
[2020-01-08T00:25:47.735] [DEBUG] cheese - null
[2020-01-08T00:25:47.737] [DEBUG] cheese - null
[2020-01-08T00:25:53.278] [DEBUG] cheese - null
[2020-01-08T00:25:53.280] [DEBUG] cheese - null
[2020-01-08T00:25:57.247] [DEBUG] cheese - null
[2020-01-08T00:25:57.249] [DEBUG] cheese - null
[2020-01-08T00:25:57.681] [DEBUG] cheese - null
[2020-01-08T00:25:57.682] [DEBUG] cheese - null
[2020-01-08T00:25:58.134] [DEBUG] cheese - null
[2020-01-08T00:25:58.137] [DEBUG] cheese - null
[2020-01-08T00:26:00.290] [DEBUG] cheese - null
[2020-01-08T00:26:00.293] [DEBUG] cheese - null
[2020-01-08T00:26:02.673] [DEBUG] cheese - null
[2020-01-08T00:26:02.675] [DEBUG] cheese - null
[2020-01-08T00:26:08.154] [DEBUG] cheese - null
[2020-01-08T00:26:08.157] [DEBUG] cheese - null
[2020-01-08T00:26:09.472] [DEBUG] cheese - null
[2020-01-08T00:26:09.474] [DEBUG] cheese - null
[2020-01-08T01:01:04.604] [DEBUG] cheese - null
[2020-01-08T01:01:04.608] [DEBUG] cheese - null
[2020-01-08T01:01:05.510] [DEBUG] cheese - null
[2020-01-08T01:01:05.514] [DEBUG] cheese - null
[2020-01-08T22:30:07.641] [DEBUG] cheese - login => username:admin,password:123456
[2020-01-08T22:30:07.642] [DEBUG] cheese - admin
[2020-01-08T22:30:07.668] [DEBUG] cheese - null
[2020-01-08T22:30:07.669] [DEBUG] cheese - null
[2020-01-09T19:42:18.653] [DEBUG] cheese - login => username:admin,password:123456
[2020-01-09T19:42:18.654] [DEBUG] cheese - admin
[2020-01-09T19:42:18.665] [DEBUG] cheese - null
[2020-01-09T19:42:18.665] [DEBUG] cheese - null
[2020-01-16T13:09:12.213] [DEBUG] cheese - login => username:admin,password:123456
[2020-01-16T13:09:12.215] [DEBUG] cheese - admin
[2020-01-16T13:09:12.264] [DEBUG] cheese - null
[2020-01-16T13:09:12.265] [DEBUG] cheese - null
[2020-01-17T16:49:40.728] [DEBUG] cheese - login => username:admin,password:123456
[2020-01-17T16:49:40.730] [DEBUG] cheese - admin
[2020-01-17T16:49:40.756] [DEBUG] cheese - null
[2020-01-17T16:49:40.756] [DEBUG] cheese - null
[2020-02-14T10:36:04.232] [DEBUG] cheese - login => username:admin,password:123456
[2020-02-14T10:36:04.233] [DEBUG] cheese - admin
[2020-02-14T10:36:04.262] [DEBUG] cheese - null
[2020-02-14T10:36:04.262] [DEBUG] cheese - null
[2020-02-15T17:23:50.835] [DEBUG] cheese - login => username:admin,password:123456
[2020-02-15T17:23:50.836] [DEBUG] cheese - admin
[2020-02-15T17:23:50.870] [DEBUG] cheese - null
[2020-02-15T17:23:50.871] [DEBUG] cheese - null
[2020-02-16T14:02:06.388] [DEBUG] cheese - login => username:admin,password:123456
[2020-02-16T14:02:06.390] [DEBUG] cheese - admin
[2020-02-16T14:02:06.408] [DEBUG] cheese - null
[2020-02-16T14:02:06.408] [DEBUG] cheese - null
[2020-02-17T13:31:51.762] [DEBUG] cheese - login => username:admin,password:123456
[2020-02-17T13:31:51.764] [DEBUG] cheese - admin
[2020-02-17T13:31:51.784] [DEBUG] cheese - null
[2020-02-17T13:31:51.785] [DEBUG] cheese - null
[2020-02-17T16:50:15.929] [DEBUG] cheese - null
[2020-02-18T16:06:21.312] [DEBUG] cheese - login => username:admin,password:123456
[2020-02-18T16:06:21.314] [DEBUG] cheese - admin
[2020-02-18T16:06:21.335] [DEBUG] cheese - null
[2020-02-18T16:06:21.336] [DEBUG] cheese - null
[2020-02-18T16:14:17.736] [DEBUG] cheese - login => username:admin,password:123456
[2020-02-18T16:14:17.738] [DEBUG] cheese - admin
[2020-02-18T16:14:17.743] [DEBUG] cheese - null
[2020-02-18T16:14:17.744] [DEBUG] cheese - null
[2020-02-18T19:08:20.577] [DEBUG] cheese - login => username:admin,password:123456
[2020-02-18T19:08:20.579] [DEBUG] cheese - admin
[2020-02-18T19:08:20.582] [DEBUG] cheese - null
[2020-02-18T19:08:20.583] [DEBUG] cheese - null
[2020-02-19T13:02:36.666] [DEBUG] cheese - login => username:admin,password:123456
[2020-02-19T13:02:36.667] [DEBUG] cheese - admin
[2020-02-19T13:02:36.677] [DEBUG] cheese - null
[2020-02-19T13:02:36.677] [DEBUG] cheese - null
[2020-02-19T13:05:18.292] [DEBUG] cheese - login => username:admin,password:123456
[2020-02-19T13:05:18.293] [DEBUG] cheese - admin
[2020-02-19T13:05:18.296] [DEBUG] cheese - null
[2020-02-19T13:05:18.296] [DEBUG] cheese - null
[2020-03-03T22:11:10.913] [DEBUG] cheese - login => username:admin,password:123456
[2020-03-03T22:11:10.914] [DEBUG] cheese - admin
[2020-03-03T22:11:10.957] [DEBUG] cheese - null
[2020-03-03T22:11:10.957] [DEBUG] cheese - null
